<?xml version="1.0" encoding="UTF-8"?>
<!-- Generated by org.testng.reporters.JUnitReportReporter -->
<testsuite hostname="DESKTOP-HLJAD9M" failures="0" tests="2" name="pageObject.TestNGDemo" time="0.024" errors="0" timestamp="2024-12-04T11:56:27 IST" skipped="0">
  <testcase classname="pageObject.TestNGDemo" name="app1test2" time="0.011"/>
  <testcase classname="pageObject.TestNGDemo" name="app1test1" time="0.013"/>
</testsuite> <!-- pageObject.TestNGDemo -->
